Using pre-set license
Built from '2021.3/staging' branch; Version is '2021.3.8f1 (b30333d56e81) revision 11731763'; Using compiler version '192829333'; Build Type 'Release'
OS: 'Windows 10  (10.0.19045) 64bit Core' Language: 'en' Physical Memory: 8097 MB
BatchMode: 1, IsHumanControllingUs: 0, StartBugReporterOnCrash: 0, Is64bit: 1, IsPro: 1

COMMAND LINE ARGUMENTS:
C:\Program Files\Unity Editors\2021.3.8f1\Editor\Unity.exe
-adb2
-batchMode
-noUpm
-name
AssetImportWorker2
-projectPath
C:/Users/loren/OneDrive/Documents/GitHub/Hang-High/Hang-High
-logFile
Logs/AssetImportWorker2.log
-srvPort
50041
Successfully changed project path to: C:/Users/loren/OneDrive/Documents/GitHub/Hang-High/Hang-High
C:/Users/loren/OneDrive/Documents/GitHub/Hang-High/Hang-High
[UnityMemory] Configuration Parameters - Can be set up in boot.config
    "memorysetup-bucket-allocator-granularity=16"
    "memorysetup-bucket-allocator-bucket-count=8"
    "memorysetup-bucket-allocator-block-size=33554432"
    "memorysetup-bucket-allocator-block-count=8"
    "memorysetup-main-allocator-block-size=16777216"
    "memorysetup-thread-allocator-block-size=16777216"
    "memorysetup-gfx-main-allocator-block-size=16777216"
    "memorysetup-gfx-thread-allocator-block-size=16777216"
    "memorysetup-cache-allocator-block-size=4194304"
    "memorysetup-typetree-allocator-block-size=2097152"
    "memorysetup-profiler-bucket-allocator-granularity=16"
    "memorysetup-profiler-bucket-allocator-bucket-count=8"
    "memorysetup-profiler-bucket-allocator-block-size=33554432"
    "memorysetup-profiler-bucket-allocator-block-count=8"
    "memorysetup-profiler-allocator-block-size=16777216"
    "memorysetup-profiler-editor-allocator-block-size=1048576"
    "memorysetup-temp-allocator-size-main=16777216"
    "memorysetup-job-temp-allocator-block-size=2097152"
    "memorysetup-job-temp-allocator-block-size-background=1048576"
    "memorysetup-job-temp-allocator-reduction-small-platforms=262144"
    "memorysetup-temp-allocator-size-background-worker=32768"
    "memorysetup-temp-allocator-size-job-worker=262144"
    "memorysetup-temp-allocator-size-preload-manager=33554432"
    "memorysetup-temp-allocator-size-nav-mesh-worker=65536"
    "memorysetup-temp-allocator-size-audio-worker=65536"
    "memorysetup-temp-allocator-size-cloud-worker=32768"
    "memorysetup-temp-allocator-size-gi-baking-worker=262144"
    "memorysetup-temp-allocator-size-gfx=262144"
Refreshing native plugins compatible for Editor in 867.30 ms, found 3 plugins.
Preloading 0 native plugins for Editor in 0.00 ms.
Initialize engine version: 2021.3.8f1 (b30333d56e81)
[Subsystems] Discovering subsystems at path C:/Program Files/Unity Editors/2021.3.8f1/Editor/Data/Resources/UnitySubsystems
[Subsystems] Discovering subsystems at path C:/Users/loren/OneDrive/Documents/GitHub/Hang-High/Hang-High/Assets
GfxDevice: creating device client; threaded=0; jobified=0
Direct3D:
    Version:  Direct3D 11.0 [level 11.1]
    Renderer: Intel(R) HD Graphics 520 (ID=0x1916)
    Vendor:   Intel
    VRAM:     4048 MB
    Driver:   31.0.101.2111
Initialize mono
Mono path[0] = 'C:/Program Files/Unity Editors/2021.3.8f1/Editor/Data/Managed'
Mono path[1] = 'C:/Program Files/Unity Editors/2021.3.8f1/Editor/Data/MonoBleedingEdge/lib/mono/unityjit-win32'
Mono config path = 'C:/Program Files/Unity Editors/2021.3.8f1/Editor/Data/MonoBleedingEdge/etc'
Using monoOptions --debugger-agent=transport=dt_socket,embedding=1,server=y,suspend=n,address=127.0.0.1:56644
Begin MonoManager ReloadAssembly
Registering precompiled unity dll's ...
Register platform support module: C:/Program Files/Unity Editors/2021.3.8f1/Editor/Data/PlaybackEngines/WindowsStandaloneSupport/UnityEditor.WindowsStandalone.Extensions.dll
Registered in 0.023970 seconds.
Native extension for WindowsStandalone target not found
Refreshing native plugins compatible for Editor in 687.70 ms, found 3 plugins.
Preloading 0 native plugins for Editor in 0.00 ms.
Mono: successfully reloaded assembly
- Completed reload, in  5.617 seconds
Domain Reload Profiling:
	ReloadAssembly (5621ms)
		BeginReloadAssembly (540ms)
			ExecutionOrderSort (0ms)
			DisableScriptedObjects (0ms)
			BackupInstance (0ms)
			ReleaseScriptingObjects (0ms)
			CreateAndSetChildDomain (3ms)
		EndReloadAssembly (3754ms)
			LoadAssemblies (530ms)
			RebuildTransferFunctionScriptingTraits (1ms)
			SetupTypeCache (1157ms)
			ReleaseScriptCaches (0ms)
			RebuildScriptCaches (342ms)
			SetupLoadedEditorAssemblies (1899ms)
				LogAssemblyErrors (0ms)
				InitializePlatformSupportModulesInManaged (78ms)
				SetLoadedEditorAssemblies (1ms)
				RefreshPlugins (688ms)
				BeforeProcessingInitializeOnLoad (9ms)
				ProcessInitializeOnLoadAttributes (793ms)
				ProcessInitializeOnLoadMethodAttributes (324ms)
				AfterProcessingInitializeOnLoad (5ms)
				EditorAssembliesLoaded (1ms)
			ExecutionOrderSort2 (0ms)
			AwakeInstancesAfterBackupRestoration (0ms)
Platform modules already initialized, skipping
Registering precompiled user dll's ...
Registered in 0.044455 seconds.
Begin MonoManager ReloadAssembly
Symbol file LoadedFromMemory doesn't match image C:\Users\loren\OneDrive\Documents\GitHub\Hang-High\Hang-High\Library\PackageCache\com.unity.visualscripting@1.7.8\Editor\VisualScripting.Core\Dependencies\YamlDotNet\Unity.VisualScripting.YamlDotNet.dll
Symbol file LoadedFromMemory doesn't match image C:\Users\loren\OneDrive\Documents\GitHub\Hang-High\Hang-High\Library\PackageCache\com.unity.visualscripting@1.7.8\Editor\VisualScripting.Core\Dependencies\DotNetZip\Unity.VisualScripting.IonicZip.dll
Native extension for WindowsStandalone target not found
Refreshing native plugins compatible for Editor in 350.27 ms, found 3 plugins.
Preloading 0 native plugins for Editor in 0.00 ms.
Mono: successfully reloaded assembly
- Completed reload, in  4.951 seconds
Domain Reload Profiling:
	ReloadAssembly (4953ms)
		BeginReloadAssembly (315ms)
			ExecutionOrderSort (0ms)
			DisableScriptedObjects (16ms)
			BackupInstance (0ms)
			ReleaseScriptingObjects (0ms)
			CreateAndSetChildDomain (46ms)
		EndReloadAssembly (4256ms)
			LoadAssemblies (395ms)
			RebuildTransferFunctionScriptingTraits (0ms)
			SetupTypeCache (1114ms)
			ReleaseScriptCaches (1ms)
			RebuildScriptCaches (331ms)
			SetupLoadedEditorAssemblies (2035ms)
				LogAssemblyErrors (0ms)
				InitializePlatformSupportModulesInManaged (34ms)
				SetLoadedEditorAssemblies (1ms)
				RefreshPlugins (350ms)
				BeforeProcessingInitializeOnLoad (288ms)
				ProcessInitializeOnLoadAttributes (1080ms)
				ProcessInitializeOnLoadMethodAttributes (261ms)
				AfterProcessingInitializeOnLoad (20ms)
				EditorAssembliesLoaded (0ms)
			ExecutionOrderSort2 (0ms)
			AwakeInstancesAfterBackupRestoration (17ms)
Platform modules already initialized, skipping
========================================================================
Worker process is ready to serve import requests
Launched and connected shader compiler UnityShaderCompiler.exe after 0.32 seconds
Refreshing native plugins compatible for Editor in 3.21 ms, found 3 plugins.
Preloading 0 native plugins for Editor in 0.00 ms.
Unloading 5204 Unused Serialized files (Serialized files now loaded: 0)
Unloading 47 unused Assets / (0.8 MB). Loaded Objects now: 5656.
Memory consumption went from 204.4 MB to 203.6 MB.
Total: 12.143700 ms (FindLiveObjects: 0.675300 ms CreateObjectMapping: 0.815600 ms MarkObjects: 10.087100 ms  DeleteObjects: 0.564000 ms)

AssetImportParameters requested are different than current active one (requested -> active):
  custom:video-decoder-ogg-theora: a1e56fd34408186e4bbccfd4996cb3dc -> 
  custom:container-muxer-webm: aa71ff27fc2769a1b78a27578f13a17b -> 
  custom:container-demuxer-webm: 4f35f7cbe854078d1ac9338744f61a02 -> 
  custom:video-encoder-webm-vp8: eb34c28f22e8b96e1ab97ce403110664 -> 
  custom:audio-encoder-webm-vorbis: bf7c407c2cedff20999df2af8eb42d56 -> 
  custom:framework-win-MediaFoundation: 216162199b28c13a410421893ffa2e32 -> 
  custom:container-demuxer-ogg: 62fdf1f143b41e24485cea50d1cbac27 -> 
  custom:video-decoder-webm-vp8: 9c59270c3fd7afecdb556c50c9e8de78 -> 
  custom:audio-decoder-ogg-vorbis: bf7c407c2cedff20999df2af8eb42d56 -> 
========================================================================
Received Import Request.
  Time since last request: 1447.991084 seconds.
  path: Assets/Materials/Chain.physicMaterial
  artifactKey: Guid(86f6814d719f8fd44a0ff5bd09311ce3) Importer(815301076,1909f56bfc062723c751e8b465ee728b)
Start importing Assets/Materials/Chain.physicMaterial using Guid(86f6814d719f8fd44a0ff5bd09311ce3) Importer(815301076,1909f56bfc062723c751e8b465ee728b)  -> (artifact id: '0c023803802927666713b4b65020c74c') in 0.900756 seconds 
========================================================================
Received Import Request.
  Time since last request: 15.498464 seconds.
  path: Assets/Materials/SquelchVFX.mat
  artifactKey: Guid(3d786c607504ebd4099826e3608badaf) Importer(815301076,1909f56bfc062723c751e8b465ee728b)
Start importing Assets/Materials/SquelchVFX.mat using Guid(3d786c607504ebd4099826e3608badaf) Importer(815301076,1909f56bfc062723c751e8b465ee728b)  -> (artifact id: '1e3e3bc6c54eecee33003d1d3303adbc') in 0.462619 seconds 
========================================================================
Received Import Request.
  Time since last request: 868.877484 seconds.
  path: Assets/Audio
  artifactKey: Guid(5892a5fb27eaa9847b218d24b2afd20a) Importer(815301076,1909f56bfc062723c751e8b465ee728b)
Start importing Assets/Audio using Guid(5892a5fb27eaa9847b218d24b2afd20a) Importer(815301076,1909f56bfc062723c751e8b465ee728b)  -> (artifact id: '8e8f3b417caf88dc9c3a46d34bc74c97') in 0.027744 seconds 
========================================================================
Received Import Request.
  Time since last request: 15.401476 seconds.
  path: Assets/Audio/217333__jarredgibb__squelch-3.wav
  artifactKey: Guid(c29094fcb44e097478bcd0e3f4a3b5ce) Importer(815301076,1909f56bfc062723c751e8b465ee728b)
Start importing Assets/Audio/217333__jarredgibb__squelch-3.wav using Guid(c29094fcb44e097478bcd0e3f4a3b5ce) Importer(815301076,1909f56bfc062723c751e8b465ee728b)  -> (artifact id: 'e3c025b3b96cd2bf2374f1102c11c217') in 0.118646 seconds 
========================================================================
Received Import Request.
  Time since last request: 1177.418923 seconds.
  path: Assets/Prefabs
  artifactKey: Guid(98ff860407968b645a09f38af4a36a71) Importer(815301076,1909f56bfc062723c751e8b465ee728b)
Start importing Assets/Prefabs using Guid(98ff860407968b645a09f38af4a36a71) Importer(815301076,1909f56bfc062723c751e8b465ee728b)  -> (artifact id: '80c3daadd58f6e81b406de21bd10c368') in 0.038218 seconds 
========================================================================
Received Import Request.
  Time since last request: 2.367376 seconds.
  path: Assets/Prefabs/ClipVFX.prefab
  artifactKey: Guid(1aa5405b324992646ba95b0b368fcc0e) Importer(815301076,1909f56bfc062723c751e8b465ee728b)
Start importing Assets/Prefabs/ClipVFX.prefab using Guid(1aa5405b324992646ba95b0b368fcc0e) Importer(815301076,1909f56bfc062723c751e8b465ee728b)  -> (artifact id: '65d920cf081c2c33ce53d38e70fb0a8a') in 0.122869 seconds 
========================================================================
Received Import Request.
  Time since last request: 13.140783 seconds.
  path: Assets/Prefabs/ClipVFX.prefab
  artifactKey: Guid(1aa5405b324992646ba95b0b368fcc0e) Importer(815301076,1909f56bfc062723c751e8b465ee728b)
Start importing Assets/Prefabs/ClipVFX.prefab using Guid(1aa5405b324992646ba95b0b368fcc0e) Importer(815301076,1909f56bfc062723c751e8b465ee728b)  -> (artifact id: 'f6110a789d203a932b2e80ef4b63e62b') in 3.136859 seconds 
========================================================================
Received Prepare
Registering precompiled user dll's ...
Registered in 0.021475 seconds.
Begin MonoManager ReloadAssembly
Symbol file LoadedFromMemory doesn't match image C:\Users\loren\OneDrive\Documents\GitHub\Hang-High\Hang-High\Library\PackageCache\com.unity.visualscripting@1.7.8\Editor\VisualScripting.Core\Dependencies\YamlDotNet\Unity.VisualScripting.YamlDotNet.dll
Symbol file LoadedFromMemory doesn't match image C:\Users\loren\OneDrive\Documents\GitHub\Hang-High\Hang-High\Library\PackageCache\com.unity.visualscripting@1.7.8\Editor\VisualScripting.Core\Dependencies\DotNetZip\Unity.VisualScripting.IonicZip.dll
Native extension for WindowsStandalone target not found
Refreshing native plugins compatible for Editor in 3.10 ms, found 3 plugins.
Preloading 0 native plugins for Editor in 0.00 ms.
Mono: successfully reloaded assembly
- Completed reload, in  5.847 seconds
Domain Reload Profiling:
	ReloadAssembly (5849ms)
		BeginReloadAssembly (748ms)
			ExecutionOrderSort (0ms)
			DisableScriptedObjects (61ms)
			BackupInstance (0ms)
			ReleaseScriptingObjects (0ms)
			CreateAndSetChildDomain (230ms)
		EndReloadAssembly (4632ms)
			LoadAssemblies (525ms)
			RebuildTransferFunctionScriptingTraits (0ms)
			SetupTypeCache (1363ms)
			ReleaseScriptCaches (6ms)
			RebuildScriptCaches (251ms)
			SetupLoadedEditorAssemblies (2153ms)
				LogAssemblyErrors (0ms)
				InitializePlatformSupportModulesInManaged (84ms)
				SetLoadedEditorAssemblies (6ms)
				RefreshPlugins (3ms)
				BeforeProcessingInitializeOnLoad (420ms)
				ProcessInitializeOnLoadAttributes (1269ms)
				ProcessInitializeOnLoadMethodAttributes (329ms)
				AfterProcessingInitializeOnLoad (42ms)
				EditorAssembliesLoaded (0ms)
			ExecutionOrderSort2 (0ms)
			AwakeInstancesAfterBackupRestoration (98ms)
Platform modules already initialized, skipping
Refreshing native plugins compatible for Editor in 7.48 ms, found 3 plugins.
Preloading 0 native plugins for Editor in 0.00 ms.
Unloading 5074 Unused Serialized files (Serialized files now loaded: 0)
Unloading 28 unused Assets / (0.7 MB). Loaded Objects now: 5764.
Memory consumption went from 201.6 MB to 200.9 MB.
Total: 15.349500 ms (FindLiveObjects: 0.866800 ms CreateObjectMapping: 2.586800 ms MarkObjects: 10.938100 ms  DeleteObjects: 0.955500 ms)

AssetImportParameters requested are different than current active one (requested -> active):
  custom:video-decoder-ogg-theora: a1e56fd34408186e4bbccfd4996cb3dc -> 
  custom:container-muxer-webm: aa71ff27fc2769a1b78a27578f13a17b -> 
  custom:container-demuxer-webm: 4f35f7cbe854078d1ac9338744f61a02 -> 
  custom:video-encoder-webm-vp8: eb34c28f22e8b96e1ab97ce403110664 -> 
  custom:audio-encoder-webm-vorbis: bf7c407c2cedff20999df2af8eb42d56 -> 
  custom:framework-win-MediaFoundation: 216162199b28c13a410421893ffa2e32 -> 
  custom:container-demuxer-ogg: 62fdf1f143b41e24485cea50d1cbac27 -> 
  custom:video-decoder-webm-vp8: 9c59270c3fd7afecdb556c50c9e8de78 -> 
  custom:audio-decoder-ogg-vorbis: bf7c407c2cedff20999df2af8eb42d56 -> 
========================================================================
Received Import Request.
  Time since last request: 24.922399 seconds.
  path: Assets/Materials/SquelchVFX.mat
  artifactKey: Guid(3d786c607504ebd4099826e3608badaf) Importer(815301076,1909f56bfc062723c751e8b465ee728b)
Start importing Assets/Materials/SquelchVFX.mat using Guid(3d786c607504ebd4099826e3608badaf) Importer(815301076,1909f56bfc062723c751e8b465ee728b)  -> (artifact id: '052a7dabf2b04b94e44420f061e227d8') in 0.606243 seconds 
========================================================================
Received Import Request.
  Time since last request: 4.763680 seconds.
  path: Assets/Prefabs/ClipVFX.prefab
  artifactKey: Guid(1aa5405b324992646ba95b0b368fcc0e) Importer(815301076,1909f56bfc062723c751e8b465ee728b)
Start importing Assets/Prefabs/ClipVFX.prefab using Guid(1aa5405b324992646ba95b0b368fcc0e) Importer(815301076,1909f56bfc062723c751e8b465ee728b)  -> (artifact id: 'd31fd30555ccfbd93dadbafc1b5092c4') in 0.081006 seconds 
========================================================================
Received Import Request.
  Time since last request: 1.184090 seconds.
  path: Assets/Prefabs/ClipVFX.prefab
  artifactKey: Guid(1aa5405b324992646ba95b0b368fcc0e) Importer(815301076,1909f56bfc062723c751e8b465ee728b)
Start importing Assets/Prefabs/ClipVFX.prefab using Guid(1aa5405b324992646ba95b0b368fcc0e) Importer(815301076,1909f56bfc062723c751e8b465ee728b)  -> (artifact id: '83b9fde8794b8cf5f5fb82f865d18558') in 0.077014 seconds 
========================================================================
Received Import Request.
  Time since last request: 31.859018 seconds.
  path: Assets/Prefabs/ClipVFX.prefab
  artifactKey: Guid(1aa5405b324992646ba95b0b368fcc0e) Importer(815301076,1909f56bfc062723c751e8b465ee728b)
Start importing Assets/Prefabs/ClipVFX.prefab using Guid(1aa5405b324992646ba95b0b368fcc0e) Importer(815301076,1909f56bfc062723c751e8b465ee728b)  -> (artifact id: '8748cf6498695d0720e1e091da526eb2') in 0.048555 seconds 
========================================================================
Received Prepare
Registering precompiled user dll's ...
Registered in 0.020117 seconds.
Begin MonoManager ReloadAssembly
Symbol file LoadedFromMemory doesn't match image C:\Users\loren\OneDrive\Documents\GitHub\Hang-High\Hang-High\Library\PackageCache\com.unity.visualscripting@1.7.8\Editor\VisualScripting.Core\Dependencies\YamlDotNet\Unity.VisualScripting.YamlDotNet.dll
Symbol file LoadedFromMemory doesn't match image C:\Users\loren\OneDrive\Documents\GitHub\Hang-High\Hang-High\Library\PackageCache\com.unity.visualscripting@1.7.8\Editor\VisualScripting.Core\Dependencies\DotNetZip\Unity.VisualScripting.IonicZip.dll
Native extension for WindowsStandalone target not found
Refreshing native plugins compatible for Editor in 4.00 ms, found 3 plugins.
Preloading 0 native plugins for Editor in 0.00 ms.
Mono: successfully reloaded assembly
- Completed reload, in  9.506 seconds
Domain Reload Profiling:
	ReloadAssembly (9510ms)
		BeginReloadAssembly (532ms)
			ExecutionOrderSort (0ms)
			DisableScriptedObjects (18ms)
			BackupInstance (0ms)
			ReleaseScriptingObjects (0ms)
			CreateAndSetChildDomain (175ms)
		EndReloadAssembly (8697ms)
			LoadAssemblies (333ms)
			RebuildTransferFunctionScriptingTraits (0ms)
			SetupTypeCache (3054ms)
			ReleaseScriptCaches (5ms)
			RebuildScriptCaches (276ms)
			SetupLoadedEditorAssemblies (4410ms)
				LogAssemblyErrors (0ms)
				InitializePlatformSupportModulesInManaged (134ms)
				SetLoadedEditorAssemblies (2ms)
				RefreshPlugins (4ms)
				BeforeProcessingInitializeOnLoad (1766ms)
				ProcessInitializeOnLoadAttributes (2006ms)
				ProcessInitializeOnLoadMethodAttributes (453ms)
				AfterProcessingInitializeOnLoad (45ms)
				EditorAssembliesLoaded (1ms)
			ExecutionOrderSort2 (0ms)
			AwakeInstancesAfterBackupRestoration (148ms)
Platform modules already initialized, skipping
Refreshing native plugins compatible for Editor in 7.06 ms, found 3 plugins.
Preloading 0 native plugins for Editor in 0.00 ms.
Unloading 5074 Unused Serialized files (Serialized files now loaded: 0)
Unloading 28 unused Assets / (0.7 MB). Loaded Objects now: 5820.
Memory consumption went from 201.7 MB to 201.0 MB.
Total: 11.381700 ms (FindLiveObjects: 0.863900 ms CreateObjectMapping: 0.879100 ms MarkObjects: 7.921800 ms  DeleteObjects: 1.714400 ms)

AssetImportParameters requested are different than current active one (requested -> active):
  custom:video-decoder-ogg-theora: a1e56fd34408186e4bbccfd4996cb3dc -> 
  custom:container-muxer-webm: aa71ff27fc2769a1b78a27578f13a17b -> 
  custom:container-demuxer-webm: 4f35f7cbe854078d1ac9338744f61a02 -> 
  custom:video-encoder-webm-vp8: eb34c28f22e8b96e1ab97ce403110664 -> 
  custom:audio-encoder-webm-vorbis: bf7c407c2cedff20999df2af8eb42d56 -> 
  custom:framework-win-MediaFoundation: 216162199b28c13a410421893ffa2e32 -> 
  custom:container-demuxer-ogg: 62fdf1f143b41e24485cea50d1cbac27 -> 
  custom:video-decoder-webm-vp8: 9c59270c3fd7afecdb556c50c9e8de78 -> 
  custom:audio-decoder-ogg-vorbis: bf7c407c2cedff20999df2af8eb42d56 -> 
========================================================================
Received Import Request.
  Time since last request: 158.630525 seconds.
  path: Assets/Prefabs/ClipVFX.prefab
  artifactKey: Guid(1aa5405b324992646ba95b0b368fcc0e) Importer(815301076,1909f56bfc062723c751e8b465ee728b)
Start importing Assets/Prefabs/ClipVFX.prefab using Guid(1aa5405b324992646ba95b0b368fcc0e) Importer(815301076,1909f56bfc062723c751e8b465ee728b)  -> (artifact id: 'd8820e6d2b6e417a019d5232c5142611') in 0.834906 seconds 
========================================================================
Received Import Request.
  Time since last request: 16.899595 seconds.
  path: Assets/Prefabs/ClipVFX.prefab
  artifactKey: Guid(1aa5405b324992646ba95b0b368fcc0e) Importer(815301076,1909f56bfc062723c751e8b465ee728b)
Start importing Assets/Prefabs/ClipVFX.prefab using Guid(1aa5405b324992646ba95b0b368fcc0e) Importer(815301076,1909f56bfc062723c751e8b465ee728b)  -> (artifact id: '4f741114d6b69759ed63d6d703084314') in 0.055674 seconds 
========================================================================
Received Import Request.
  Time since last request: 47.286660 seconds.
  path: Assets/Prefabs/ClipVFX.prefab
  artifactKey: Guid(1aa5405b324992646ba95b0b368fcc0e) Importer(815301076,1909f56bfc062723c751e8b465ee728b)
Start importing Assets/Prefabs/ClipVFX.prefab using Guid(1aa5405b324992646ba95b0b368fcc0e) Importer(815301076,1909f56bfc062723c751e8b465ee728b)  -> (artifact id: 'efa575022189952a904f6f57ca44c058') in 0.060506 seconds 
========================================================================
Received Import Request.
  Time since last request: 6.847752 seconds.
  path: Assets/Prefabs/ClipVFX.prefab
  artifactKey: Guid(1aa5405b324992646ba95b0b368fcc0e) Importer(815301076,1909f56bfc062723c751e8b465ee728b)
Start importing Assets/Prefabs/ClipVFX.prefab using Guid(1aa5405b324992646ba95b0b368fcc0e) Importer(815301076,1909f56bfc062723c751e8b465ee728b)  -> (artifact id: '2878210b44f2c5aec59cc32efea3dc5d') in 0.078474 seconds 
========================================================================
Received Import Request.
  Time since last request: 8.960894 seconds.
  path: Assets/Prefabs/ClipVFX.prefab
  artifactKey: Guid(1aa5405b324992646ba95b0b368fcc0e) Importer(815301076,1909f56bfc062723c751e8b465ee728b)
Start importing Assets/Prefabs/ClipVFX.prefab using Guid(1aa5405b324992646ba95b0b368fcc0e) Importer(815301076,1909f56bfc062723c751e8b465ee728b)  -> (artifact id: '60e7ad8591945a097e144614b8ab3e1a') in 0.070750 seconds 
========================================================================
Received Import Request.
  Time since last request: 164.292104 seconds.
  path: Assets/Prefabs/ClipVFX.prefab
  artifactKey: Guid(1aa5405b324992646ba95b0b368fcc0e) Importer(815301076,1909f56bfc062723c751e8b465ee728b)
Start importing Assets/Prefabs/ClipVFX.prefab using Guid(1aa5405b324992646ba95b0b368fcc0e) Importer(815301076,1909f56bfc062723c751e8b465ee728b)  -> (artifact id: 'e68edd940786d235516bba354219b1df') in 0.057113 seconds 
========================================================================
Received Import Request.
  Time since last request: 14.436656 seconds.
  path: Assets/Prefabs/ClipVFX.prefab
  artifactKey: Guid(1aa5405b324992646ba95b0b368fcc0e) Importer(815301076,1909f56bfc062723c751e8b465ee728b)
Start importing Assets/Prefabs/ClipVFX.prefab using Guid(1aa5405b324992646ba95b0b368fcc0e) Importer(815301076,1909f56bfc062723c751e8b465ee728b)  -> (artifact id: 'c4d329db5bb9000b08b93654568b68b8') in 0.087283 seconds 
========================================================================
Received Import Request.
  Time since last request: 3.201807 seconds.
  path: Assets/Prefabs/ClipVFX.prefab
  artifactKey: Guid(1aa5405b324992646ba95b0b368fcc0e) Importer(815301076,1909f56bfc062723c751e8b465ee728b)
Start importing Assets/Prefabs/ClipVFX.prefab using Guid(1aa5405b324992646ba95b0b368fcc0e) Importer(815301076,1909f56bfc062723c751e8b465ee728b)  -> (artifact id: '6d50bff82e6dfd1e169e19cf901640f1') in 0.072512 seconds 
========================================================================
Received Import Request.
  Time since last request: 44.014373 seconds.
  path: Assets/Prefabs/ClipVFX.prefab
  artifactKey: Guid(1aa5405b324992646ba95b0b368fcc0e) Importer(815301076,1909f56bfc062723c751e8b465ee728b)
Start importing Assets/Prefabs/ClipVFX.prefab using Guid(1aa5405b324992646ba95b0b368fcc0e) Importer(815301076,1909f56bfc062723c751e8b465ee728b)  -> (artifact id: 'ca41ba80cd254886a8f1ad03109e0624') in 0.067751 seconds 
========================================================================
Received Import Request.
  Time since last request: 25.464037 seconds.
  path: Assets/Prefabs/ClipVFX.prefab
  artifactKey: Guid(1aa5405b324992646ba95b0b368fcc0e) Importer(815301076,1909f56bfc062723c751e8b465ee728b)
Start importing Assets/Prefabs/ClipVFX.prefab using Guid(1aa5405b324992646ba95b0b368fcc0e) Importer(815301076,1909f56bfc062723c751e8b465ee728b)  -> (artifact id: '938d9f89fab40077feae1100942c8acf') in 0.051594 seconds 
========================================================================
Received Import Request.
  Time since last request: 7.449540 seconds.
  path: Assets/Prefabs/ClipVFX.prefab
  artifactKey: Guid(1aa5405b324992646ba95b0b368fcc0e) Importer(815301076,1909f56bfc062723c751e8b465ee728b)
Start importing Assets/Prefabs/ClipVFX.prefab using Guid(1aa5405b324992646ba95b0b368fcc0e) Importer(815301076,1909f56bfc062723c751e8b465ee728b)  -> (artifact id: '970ab70cbc6b763d6b40d9819cbd766e') in 0.068218 seconds 
========================================================================
Received Import Request.
  Time since last request: 1.420527 seconds.
  path: Assets/Prefabs/ClipVFX.prefab
  artifactKey: Guid(1aa5405b324992646ba95b0b368fcc0e) Importer(815301076,1909f56bfc062723c751e8b465ee728b)
Start importing Assets/Prefabs/ClipVFX.prefab using Guid(1aa5405b324992646ba95b0b368fcc0e) Importer(815301076,1909f56bfc062723c751e8b465ee728b)  -> (artifact id: 'e3ca15876aca5bdc883e27989e009a71') in 0.052407 seconds 
========================================================================
Received Import Request.
  Time since last request: 12.118652 seconds.
  path: Assets/Prefabs/ClipVFX.prefab
  artifactKey: Guid(1aa5405b324992646ba95b0b368fcc0e) Importer(815301076,1909f56bfc062723c751e8b465ee728b)
Start importing Assets/Prefabs/ClipVFX.prefab using Guid(1aa5405b324992646ba95b0b368fcc0e) Importer(815301076,1909f56bfc062723c751e8b465ee728b)  -> (artifact id: '07bb84187092f43652705cc5a3ee8ab3') in 0.054029 seconds 
========================================================================
Received Import Request.
  Time since last request: 10.235043 seconds.
  path: Assets/Prefabs/ClipVFX.prefab
  artifactKey: Guid(1aa5405b324992646ba95b0b368fcc0e) Importer(815301076,1909f56bfc062723c751e8b465ee728b)
Start importing Assets/Prefabs/ClipVFX.prefab using Guid(1aa5405b324992646ba95b0b368fcc0e) Importer(815301076,1909f56bfc062723c751e8b465ee728b)  -> (artifact id: 'f7520801f2b5e75f42b581c6b27c0f70') in 0.055823 seconds 
========================================================================
Received Import Request.
  Time since last request: 8.151609 seconds.
  path: Assets/Prefabs/ClipVFX.prefab
  artifactKey: Guid(1aa5405b324992646ba95b0b368fcc0e) Importer(815301076,1909f56bfc062723c751e8b465ee728b)
Start importing Assets/Prefabs/ClipVFX.prefab using Guid(1aa5405b324992646ba95b0b368fcc0e) Importer(815301076,1909f56bfc062723c751e8b465ee728b)  -> (artifact id: '723c8adf318db4d0020372506704bfcf') in 0.059977 seconds 
========================================================================
Received Prepare
Registering precompiled user dll's ...
Registered in 0.015944 seconds.
Begin MonoManager ReloadAssembly
Symbol file LoadedFromMemory doesn't match image C:\Users\loren\OneDrive\Documents\GitHub\Hang-High\Hang-High\Library\PackageCache\com.unity.visualscripting@1.7.8\Editor\VisualScripting.Core\Dependencies\YamlDotNet\Unity.VisualScripting.YamlDotNet.dll
Symbol file LoadedFromMemory doesn't match image C:\Users\loren\OneDrive\Documents\GitHub\Hang-High\Hang-High\Library\PackageCache\com.unity.visualscripting@1.7.8\Editor\VisualScripting.Core\Dependencies\DotNetZip\Unity.VisualScripting.IonicZip.dll
Native extension for WindowsStandalone target not found
Refreshing native plugins compatible for Editor in 2.72 ms, found 3 plugins.
Preloading 0 native plugins for Editor in 0.00 ms.
Mono: successfully reloaded assembly
- Completed reload, in  6.715 seconds
Domain Reload Profiling:
	ReloadAssembly (6723ms)
		BeginReloadAssembly (713ms)
			ExecutionOrderSort (0ms)
			DisableScriptedObjects (34ms)
			BackupInstance (0ms)
			ReleaseScriptingObjects (0ms)
			CreateAndSetChildDomain (262ms)
		EndReloadAssembly (5451ms)
			LoadAssemblies (451ms)
			RebuildTransferFunctionScriptingTraits (0ms)
			SetupTypeCache (1475ms)
			ReleaseScriptCaches (5ms)
			RebuildScriptCaches (279ms)
			SetupLoadedEditorAssemblies (2518ms)
				LogAssemblyErrors (0ms)
				InitializePlatformSupportModulesInManaged (96ms)
				SetLoadedEditorAssemblies (2ms)
				RefreshPlugins (3ms)
				BeforeProcessingInitializeOnLoad (407ms)
				ProcessInitializeOnLoadAttributes (1459ms)
				ProcessInitializeOnLoadMethodAttributes (506ms)
				AfterProcessingInitializeOnLoad (43ms)
				EditorAssembliesLoaded (2ms)
			ExecutionOrderSort2 (0ms)
			AwakeInstancesAfterBackupRestoration (154ms)
Platform modules already initialized, skipping
Refreshing native plugins compatible for Editor in 10.39 ms, found 3 plugins.
Preloading 0 native plugins for Editor in 0.00 ms.
Unloading 5074 Unused Serialized files (Serialized files now loaded: 0)
Unloading 28 unused Assets / (0.7 MB). Loaded Objects now: 5876.
Memory consumption went from 202.0 MB to 201.3 MB.
Total: 20.893100 ms (FindLiveObjects: 4.239200 ms CreateObjectMapping: 1.613100 ms MarkObjects: 13.361000 ms  DeleteObjects: 1.674300 ms)

AssetImportParameters requested are different than current active one (requested -> active):
  custom:video-decoder-ogg-theora: a1e56fd34408186e4bbccfd4996cb3dc -> 
  custom:container-muxer-webm: aa71ff27fc2769a1b78a27578f13a17b -> 
  custom:container-demuxer-webm: 4f35f7cbe854078d1ac9338744f61a02 -> 
  custom:video-encoder-webm-vp8: eb34c28f22e8b96e1ab97ce403110664 -> 
  custom:audio-encoder-webm-vorbis: bf7c407c2cedff20999df2af8eb42d56 -> 
  custom:framework-win-MediaFoundation: 216162199b28c13a410421893ffa2e32 -> 
  custom:container-demuxer-ogg: 62fdf1f143b41e24485cea50d1cbac27 -> 
  custom:video-decoder-webm-vp8: 9c59270c3fd7afecdb556c50c9e8de78 -> 
  custom:audio-decoder-ogg-vorbis: bf7c407c2cedff20999df2af8eb42d56 -> 
========================================================================
Received Prepare
Registering precompiled user dll's ...
Registered in 0.036839 seconds.
Begin MonoManager ReloadAssembly
Symbol file LoadedFromMemory doesn't match image C:\Users\loren\OneDrive\Documents\GitHub\Hang-High\Hang-High\Library\PackageCache\com.unity.visualscripting@1.7.8\Editor\VisualScripting.Core\Dependencies\YamlDotNet\Unity.VisualScripting.YamlDotNet.dll
Symbol file LoadedFromMemory doesn't match image C:\Users\loren\OneDrive\Documents\GitHub\Hang-High\Hang-High\Library\PackageCache\com.unity.visualscripting@1.7.8\Editor\VisualScripting.Core\Dependencies\DotNetZip\Unity.VisualScripting.IonicZip.dll
Native extension for WindowsStandalone target not found
Refreshing native plugins compatible for Editor in 1.12 ms, found 3 plugins.
Preloading 0 native plugins for Editor in 0.00 ms.
Mono: successfully reloaded assembly
- Completed reload, in  2.646 seconds
Domain Reload Profiling:
	ReloadAssembly (2647ms)
		BeginReloadAssembly (388ms)
			ExecutionOrderSort (0ms)
			DisableScriptedObjects (12ms)
			BackupInstance (0ms)
			ReleaseScriptingObjects (0ms)
			CreateAndSetChildDomain (89ms)
		EndReloadAssembly (1999ms)
			LoadAssemblies (283ms)
			RebuildTransferFunctionScriptingTraits (0ms)
			SetupTypeCache (600ms)
			ReleaseScriptCaches (2ms)
			RebuildScriptCaches (110ms)
			SetupLoadedEditorAssemblies (955ms)
				LogAssemblyErrors (0ms)
				InitializePlatformSupportModulesInManaged (28ms)
				SetLoadedEditorAssemblies (1ms)
				RefreshPlugins (1ms)
				BeforeProcessingInitializeOnLoad (173ms)
				ProcessInitializeOnLoadAttributes (573ms)
				ProcessInitializeOnLoadMethodAttributes (162ms)
				AfterProcessingInitializeOnLoad (18ms)
				EditorAssembliesLoaded (0ms)
			ExecutionOrderSort2 (0ms)
			AwakeInstancesAfterBackupRestoration (34ms)
Platform modules already initialized, skipping
Refreshing native plugins compatible for Editor in 4.29 ms, found 3 plugins.
Preloading 0 native plugins for Editor in 0.00 ms.
Unloading 5075 Unused Serialized files (Serialized files now loaded: 0)
Unloading 28 unused Assets / (0.7 MB). Loaded Objects now: 5891.
Memory consumption went from 202.2 MB to 201.5 MB.
Total: 6.452800 ms (FindLiveObjects: 0.514800 ms CreateObjectMapping: 0.447300 ms MarkObjects: 4.837200 ms  DeleteObjects: 0.651200 ms)

AssetImportParameters requested are different than current active one (requested -> active):
  custom:video-decoder-ogg-theora: a1e56fd34408186e4bbccfd4996cb3dc -> 
  custom:container-muxer-webm: aa71ff27fc2769a1b78a27578f13a17b -> 
  custom:container-demuxer-webm: 4f35f7cbe854078d1ac9338744f61a02 -> 
  custom:video-encoder-webm-vp8: eb34c28f22e8b96e1ab97ce403110664 -> 
  custom:audio-encoder-webm-vorbis: bf7c407c2cedff20999df2af8eb42d56 -> 
  custom:framework-win-MediaFoundation: 216162199b28c13a410421893ffa2e32 -> 
  custom:container-demuxer-ogg: 62fdf1f143b41e24485cea50d1cbac27 -> 
  custom:video-decoder-webm-vp8: 9c59270c3fd7afecdb556c50c9e8de78 -> 
  custom:audio-decoder-ogg-vorbis: bf7c407c2cedff20999df2af8eb42d56 -> 
========================================================================
Received Prepare
Refreshing native plugins compatible for Editor in 25.69 ms, found 3 plugins.
Preloading 0 native plugins for Editor in 0.00 ms.
Unloading 28 Unused Serialized files (Serialized files now loaded: 0)
Unloading 28 unused Assets / (0.7 MB). Loaded Objects now: 5891.
Memory consumption went from 100.8 MB to 100.0 MB.
Total: 12.652600 ms (FindLiveObjects: 0.683000 ms CreateObjectMapping: 0.603800 ms MarkObjects: 10.841300 ms  DeleteObjects: 0.522900 ms)

AssetImportParameters requested are different than current active one (requested -> active):
  custom:video-decoder-ogg-theora: a1e56fd34408186e4bbccfd4996cb3dc -> 
  custom:container-muxer-webm: aa71ff27fc2769a1b78a27578f13a17b -> 
  custom:container-demuxer-webm: 4f35f7cbe854078d1ac9338744f61a02 -> 
  custom:video-encoder-webm-vp8: eb34c28f22e8b96e1ab97ce403110664 -> 
  custom:audio-encoder-webm-vorbis: bf7c407c2cedff20999df2af8eb42d56 -> 
  custom:framework-win-MediaFoundation: 216162199b28c13a410421893ffa2e32 -> 
  custom:container-demuxer-ogg: 62fdf1f143b41e24485cea50d1cbac27 -> 
  custom:video-decoder-webm-vp8: 9c59270c3fd7afecdb556c50c9e8de78 -> 
  custom:audio-decoder-ogg-vorbis: bf7c407c2cedff20999df2af8eb42d56 -> 
========================================================================
Received Prepare
Refreshing native plugins compatible for Editor in 13.94 ms, found 3 plugins.
Preloading 0 native plugins for Editor in 0.00 ms.
Unloading 28 Unused Serialized files (Serialized files now loaded: 0)
Unloading 28 unused Assets / (0.7 MB). Loaded Objects now: 5891.
Memory consumption went from 100.8 MB to 100.0 MB.
Total: 8.931200 ms (FindLiveObjects: 0.780500 ms CreateObjectMapping: 0.722700 ms MarkObjects: 6.812800 ms  DeleteObjects: 0.613200 ms)

AssetImportParameters requested are different than current active one (requested -> active):
  custom:video-decoder-ogg-theora: a1e56fd34408186e4bbccfd4996cb3dc -> 
  custom:container-muxer-webm: aa71ff27fc2769a1b78a27578f13a17b -> 
  custom:container-demuxer-webm: 4f35f7cbe854078d1ac9338744f61a02 -> 
  custom:video-encoder-webm-vp8: eb34c28f22e8b96e1ab97ce403110664 -> 
  custom:audio-encoder-webm-vorbis: bf7c407c2cedff20999df2af8eb42d56 -> 
  custom:framework-win-MediaFoundation: 216162199b28c13a410421893ffa2e32 -> 
  custom:container-demuxer-ogg: 62fdf1f143b41e24485cea50d1cbac27 -> 
  custom:video-decoder-webm-vp8: 9c59270c3fd7afecdb556c50c9e8de78 -> 
  custom:audio-decoder-ogg-vorbis: bf7c407c2cedff20999df2af8eb42d56 -> 
========================================================================
Received Import Request.
  Time since last request: 1917.103012 seconds.
  path: Assets/Materials/SquelchVFX 1.mat
  artifactKey: Guid(ad5158dcde5d10a4eabff13011a1afc3) Importer(815301076,1909f56bfc062723c751e8b465ee728b)
Start importing Assets/Materials/SquelchVFX 1.mat using Guid(ad5158dcde5d10a4eabff13011a1afc3) Importer(815301076,1909f56bfc062723c751e8b465ee728b)  -> (artifact id: '1b02a5c379be39f2e4c7871cf409e9b8') in 0.464268 seconds 
========================================================================
Received Import Request.
  Time since last request: 15.221754 seconds.
  path: Assets/Prefabs/ClipVFX.prefab
  artifactKey: Guid(1aa5405b324992646ba95b0b368fcc0e) Importer(815301076,1909f56bfc062723c751e8b465ee728b)
Start importing Assets/Prefabs/ClipVFX.prefab using Guid(1aa5405b324992646ba95b0b368fcc0e) Importer(815301076,1909f56bfc062723c751e8b465ee728b)  -> (artifact id: '570e8afcce6902ff8010cad1c2f4c5ae') in 0.057246 seconds 
========================================================================
Received Import Request.
  Time since last request: 21.368905 seconds.
  path: Assets/Prefabs/ClipVFX 1.prefab
  artifactKey: Guid(27c6a018d4bffee4a84e250073fac91b) Importer(815301076,1909f56bfc062723c751e8b465ee728b)
Start importing Assets/Prefabs/ClipVFX 1.prefab using Guid(27c6a018d4bffee4a84e250073fac91b) Importer(815301076,1909f56bfc062723c751e8b465ee728b)  -> (artifact id: '633b074fc5a9f866fa0186e5efe8bf60') in 0.055562 seconds 
========================================================================
Received Import Request.
  Time since last request: 5.480757 seconds.
  path: Assets/Prefabs/ClipVFXBlue.prefab
  artifactKey: Guid(27c6a018d4bffee4a84e250073fac91b) Importer(815301076,1909f56bfc062723c751e8b465ee728b)
Start importing Assets/Prefabs/ClipVFXBlue.prefab using Guid(27c6a018d4bffee4a84e250073fac91b) Importer(815301076,1909f56bfc062723c751e8b465ee728b)  -> (artifact id: 'f96a65b9bb1c77029b236ecdcf3c9a8f') in 0.067986 seconds 
========================================================================
Received Import Request.
  Time since last request: 5.754673 seconds.
  path: Assets/Materials/SquelchVFX 1.mat
  artifactKey: Guid(ad5158dcde5d10a4eabff13011a1afc3) Importer(815301076,1909f56bfc062723c751e8b465ee728b)
Start importing Assets/Materials/SquelchVFX 1.mat using Guid(ad5158dcde5d10a4eabff13011a1afc3) Importer(815301076,1909f56bfc062723c751e8b465ee728b)  -> (artifact id: 'cf40fd1422b299a658216b7f231ac098') in 0.079340 seconds 
========================================================================
Received Import Request.
  Time since last request: 1.118175 seconds.
  path: Assets/Prefabs/ClipVFXBlue.prefab
  artifactKey: Guid(27c6a018d4bffee4a84e250073fac91b) Importer(815301076,1909f56bfc062723c751e8b465ee728b)
Start importing Assets/Prefabs/ClipVFXBlue.prefab using Guid(27c6a018d4bffee4a84e250073fac91b) Importer(815301076,1909f56bfc062723c751e8b465ee728b)  -> (artifact id: '087a2ce34e1b966f9ccd0226e6fcbd62') in 0.036464 seconds 
========================================================================
Received Prepare
Registering precompiled user dll's ...
Registered in 0.018148 seconds.
Begin MonoManager ReloadAssembly
Symbol file LoadedFromMemory doesn't match image C:\Users\loren\OneDrive\Documents\GitHub\Hang-High\Hang-High\Library\PackageCache\com.unity.visualscripting@1.7.8\Editor\VisualScripting.Core\Dependencies\YamlDotNet\Unity.VisualScripting.YamlDotNet.dll
Symbol file LoadedFromMemory doesn't match image C:\Users\loren\OneDrive\Documents\GitHub\Hang-High\Hang-High\Library\PackageCache\com.unity.visualscripting@1.7.8\Editor\VisualScripting.Core\Dependencies\DotNetZip\Unity.VisualScripting.IonicZip.dll
Native extension for WindowsStandalone target not found
Refreshing native plugins compatible for Editor in 2.05 ms, found 3 plugins.
Preloading 0 native plugins for Editor in 0.00 ms.
Mono: successfully reloaded assembly
- Completed reload, in  4.058 seconds
Domain Reload Profiling:
	ReloadAssembly (4059ms)
		BeginReloadAssembly (447ms)
			ExecutionOrderSort (0ms)
			DisableScriptedObjects (27ms)
			BackupInstance (0ms)
			ReleaseScriptingObjects (1ms)
			CreateAndSetChildDomain (131ms)
		EndReloadAssembly (3205ms)
			LoadAssemblies (309ms)
			RebuildTransferFunctionScriptingTraits (1ms)
			SetupTypeCache (909ms)
			ReleaseScriptCaches (5ms)
			RebuildScriptCaches (181ms)
			SetupLoadedEditorAssemblies (1504ms)
				LogAssemblyErrors (0ms)
				InitializePlatformSupportModulesInManaged (48ms)
				SetLoadedEditorAssemblies (1ms)
				RefreshPlugins (2ms)
				BeforeProcessingInitializeOnLoad (288ms)
				ProcessInitializeOnLoadAttributes (879ms)
				ProcessInitializeOnLoadMethodAttributes (260ms)
				AfterProcessingInitializeOnLoad (25ms)
				EditorAssembliesLoaded (1ms)
			ExecutionOrderSort2 (0ms)
			AwakeInstancesAfterBackupRestoration (110ms)
Platform modules already initialized, skipping
Refreshing native plugins compatible for Editor in 3.94 ms, found 3 plugins.
Preloading 0 native plugins for Editor in 0.00 ms.
Unloading 5074 Unused Serialized files (Serialized files now loaded: 0)
Unloading 28 unused Assets / (0.7 MB). Loaded Objects now: 5947.
Memory consumption went from 202.2 MB to 201.5 MB.
Total: 6.408400 ms (FindLiveObjects: 0.526000 ms CreateObjectMapping: 0.442900 ms MarkObjects: 4.908100 ms  DeleteObjects: 0.530000 ms)

AssetImportParameters requested are different than current active one (requested -> active):
  custom:video-decoder-ogg-theora: a1e56fd34408186e4bbccfd4996cb3dc -> 
  custom:container-muxer-webm: aa71ff27fc2769a1b78a27578f13a17b -> 
  custom:container-demuxer-webm: 4f35f7cbe854078d1ac9338744f61a02 -> 
  custom:video-encoder-webm-vp8: eb34c28f22e8b96e1ab97ce403110664 -> 
  custom:audio-encoder-webm-vorbis: bf7c407c2cedff20999df2af8eb42d56 -> 
  custom:framework-win-MediaFoundation: 216162199b28c13a410421893ffa2e32 -> 
  custom:container-demuxer-ogg: 62fdf1f143b41e24485cea50d1cbac27 -> 
  custom:video-decoder-webm-vp8: 9c59270c3fd7afecdb556c50c9e8de78 -> 
  custom:audio-decoder-ogg-vorbis: bf7c407c2cedff20999df2af8eb42d56 -> 
========================================================================
Received Prepare
Refreshing native plugins compatible for Editor in 11.94 ms, found 3 plugins.
Preloading 0 native plugins for Editor in 0.00 ms.
Unloading 28 Unused Serialized files (Serialized files now loaded: 0)
Unloading 28 unused Assets / (0.7 MB). Loaded Objects now: 5947.
Memory consumption went from 100.9 MB to 100.2 MB.
Total: 9.297200 ms (FindLiveObjects: 0.567400 ms CreateObjectMapping: 0.609100 ms MarkObjects: 7.406300 ms  DeleteObjects: 0.712900 ms)

AssetImportParameters requested are different than current active one (requested -> active):
  custom:video-decoder-ogg-theora: a1e56fd34408186e4bbccfd4996cb3dc -> 
  custom:container-muxer-webm: aa71ff27fc2769a1b78a27578f13a17b -> 
  custom:container-demuxer-webm: 4f35f7cbe854078d1ac9338744f61a02 -> 
  custom:video-encoder-webm-vp8: eb34c28f22e8b96e1ab97ce403110664 -> 
  custom:audio-encoder-webm-vorbis: bf7c407c2cedff20999df2af8eb42d56 -> 
  custom:framework-win-MediaFoundation: 216162199b28c13a410421893ffa2e32 -> 
  custom:container-demuxer-ogg: 62fdf1f143b41e24485cea50d1cbac27 -> 
  custom:video-decoder-webm-vp8: 9c59270c3fd7afecdb556c50c9e8de78 -> 
  custom:audio-decoder-ogg-vorbis: bf7c407c2cedff20999df2af8eb42d56 -> 
========================================================================
Received Import Request.
  Time since last request: 639.757217 seconds.
  path: Assets/Prefabs/ClipVFXBlue.prefab
  artifactKey: Guid(27c6a018d4bffee4a84e250073fac91b) Importer(815301076,1909f56bfc062723c751e8b465ee728b)
Start importing Assets/Prefabs/ClipVFXBlue.prefab using Guid(27c6a018d4bffee4a84e250073fac91b) Importer(815301076,1909f56bfc062723c751e8b465ee728b)  -> (artifact id: '449620ec5bde38110ab833c81b28fb26') in 0.427362 seconds 
========================================================================
Received Prepare
Refreshing native plugins compatible for Editor in 12.10 ms, found 3 plugins.
Preloading 0 native plugins for Editor in 0.00 ms.
Unloading 27 Unused Serialized files (Serialized files now loaded: 0)
Unloading 28 unused Assets / (0.7 MB). Loaded Objects now: 6024.
Memory consumption went from 101.1 MB to 100.4 MB.
Total: 11.962300 ms (FindLiveObjects: 0.628800 ms CreateObjectMapping: 0.617200 ms MarkObjects: 9.597900 ms  DeleteObjects: 1.116500 ms)

AssetImportParameters requested are different than current active one (requested -> active):
  custom:video-decoder-ogg-theora: a1e56fd34408186e4bbccfd4996cb3dc -> 
  custom:container-muxer-webm: aa71ff27fc2769a1b78a27578f13a17b -> 
  custom:container-demuxer-webm: 4f35f7cbe854078d1ac9338744f61a02 -> 
  custom:video-encoder-webm-vp8: eb34c28f22e8b96e1ab97ce403110664 -> 
  custom:audio-encoder-webm-vorbis: bf7c407c2cedff20999df2af8eb42d56 -> 
  custom:framework-win-MediaFoundation: 216162199b28c13a410421893ffa2e32 -> 
  custom:container-demuxer-ogg: 62fdf1f143b41e24485cea50d1cbac27 -> 
  custom:video-decoder-webm-vp8: 9c59270c3fd7afecdb556c50c9e8de78 -> 
  custom:audio-decoder-ogg-vorbis: bf7c407c2cedff20999df2af8eb42d56 -> 
